[0730/230145.846:ERROR:process_reader_win.cc(242)] ReadMemory at 0x76d70000 of 64 bytes failed: Only part of a ReadProcessMemory or WriteProcessMemory request was completed. (0x12B)
[0730/230145.848:WARNING:pe_image_reader.cc(302)] could not read dos header from C:\Windows\SYSTEM32\ntdll.dll
[0730/230145.848:ERROR:process_reader_win.cc(242)] ReadMemory at 0x76b50000 of 64 bytes failed: Only part of a ReadProcessMemory or WriteProcessMemory request was completed. (0x12B)
[0730/230145.848:WARNING:pe_image_reader.cc(302)] could not read dos header from C:\Windows\system32\kernel32.dll
[0730/230145.848:ERROR:process_reader_win.cc(242)] ReadMemory at 0x7fefcd90000 of 64 bytes failed: Only part of a ReadProcessMemory or WriteProcessMemory request was completed. (0x12B)
[0730/230145.848:WARNING:pe_image_reader.cc(302)] could not read dos header from C:\Windows\system32\KERNELBASE.dll
[0730/230145.848:ERROR:process_reader_win.cc(242)] ReadMemory at 0x7fefd860000 of 64 bytes failed: Only part of a ReadProcessMemory or WriteProcessMemory request was completed. (0x12B)
[0730/230145.848:WARNING:pe_image_reader.cc(302)] could not read dos header from C:\Windows\system32\msvcrt.dll
[0730/230145.849:ERROR:process_reader_win.cc(242)] ReadMemory at 0x76d70000 of 64 bytes failed: Only part of a ReadProcessMemory or WriteProcessMemory request was completed. (0x12B)
[0730/230145.849:WARNING:pe_image_reader.cc(302)] could not read dos header from C:\Windows\SYSTEM32\ntdll.dll
[0730/230145.850:ERROR:process_reader_win.cc(242)] ReadMemory at 0x76b50000 of 64 bytes failed: Only part of a ReadProcessMemory or WriteProcessMemory request was completed. (0x12B)
[0730/230145.850:WARNING:pe_image_reader.cc(302)] could not read dos header from C:\Windows\system32\kernel32.dll
[0730/230145.850:ERROR:process_reader_win.cc(242)] ReadMemory at 0x7fefcd90000 of 64 bytes failed: Only part of a ReadProcessMemory or WriteProcessMemory request was completed. (0x12B)
[0730/230145.850:WARNING:pe_image_reader.cc(302)] could not read dos header from C:\Windows\system32\KERNELBASE.dll
[0730/230145.850:ERROR:process_reader_win.cc(242)] ReadMemory at 0x7fefd860000 of 64 bytes failed: Only part of a ReadProcessMemory or WriteProcessMemory request was completed. (0x12B)
[0730/230145.850:WARNING:pe_image_reader.cc(302)] could not read dos header from C:\Windows\system32\msvcrt.dll
[0730/230145.854:ERROR:process_reader_win.cc(242)] ReadMemory at 0x76d70000 of 64 bytes failed: Only part of a ReadProcessMemory or WriteProcessMemory request was completed. (0x12B)
[0730/230145.854:WARNING:pe_image_reader.cc(302)] could not read dos header from C:\Windows\SYSTEM32\ntdll.dll
[0730/230145.854:ERROR:process_reader_win.cc(242)] ReadMemory at 0x76b50000 of 64 bytes failed: Only part of a ReadProcessMemory or WriteProcessMemory request was completed. (0x12B)
[0730/230145.854:WARNING:pe_image_reader.cc(302)] could not read dos header from C:\Windows\system32\kernel32.dll
[0730/230145.854:ERROR:process_reader_win.cc(242)] ReadMemory at 0x7fefcd90000 of 64 bytes failed: Only part of a ReadProcessMemory or WriteProcessMemory request was completed. (0x12B)
[0730/230145.855:WARNING:pe_image_reader.cc(302)] could not read dos header from C:\Windows\system32\KERNELBASE.dll
[0730/230145.855:ERROR:process_reader_win.cc(242)] ReadMemory at 0x7fefd860000 of 64 bytes failed: Only part of a ReadProcessMemory or WriteProcessMemory request was completed. (0x12B)
[0730/230145.855:WARNING:pe_image_reader.cc(302)] could not read dos header from C:\Windows\system32\msvcrt.dll
[0730/230145.945:ERROR:process_reader_win.cc(242)] ReadMemory at 0x76d70000 of 64 bytes failed: Only part of a ReadProcessMemory or WriteProcessMemory request was completed. (0x12B)
[0730/230145.945:WARNING:pe_image_reader.cc(302)] could not read dos header from C:\Windows\SYSTEM32\ntdll.dll
[0730/230145.945:ERROR:process_reader_win.cc(242)] ReadMemory at 0x76b50000 of 64 bytes failed: Only part of a ReadProcessMemory or WriteProcessMemory request was completed. (0x12B)
[0730/230145.945:WARNING:pe_image_reader.cc(302)] could not read dos header from C:\Windows\system32\kernel32.dll
[0730/230145.945:ERROR:process_reader_win.cc(242)] ReadMemory at 0x7fefcd90000 of 64 bytes failed: Only part of a ReadProcessMemory or WriteProcessMemory request was completed. (0x12B)
[0730/230145.945:WARNING:pe_image_reader.cc(302)] could not read dos header from C:\Windows\system32\KERNELBASE.dll
[0730/230145.945:ERROR:process_reader_win.cc(242)] ReadMemory at 0x7fefd860000 of 64 bytes failed: Only part of a ReadProcessMemory or WriteProcessMemory request was completed. (0x12B)
[0730/230145.945:WARNING:pe_image_reader.cc(302)] could not read dos header from C:\Windows\system32\msvcrt.dll
[0730/230145.946:ERROR:process_reader_win.cc(242)] ReadMemory at 0x76d70000 of 64 bytes failed: Only part of a ReadProcessMemory or WriteProcessMemory request was completed. (0x12B)
[0730/230145.946:WARNING:pe_image_reader.cc(302)] could not read dos header from C:\Windows\SYSTEM32\ntdll.dll
[0730/230145.946:ERROR:process_reader_win.cc(242)] ReadMemory at 0x76d70000 of 64 bytes failed: Only part of a ReadProcessMemory or WriteProcessMemory request was completed. (0x12B)
[0730/230145.947:WARNING:pe_image_reader.cc(302)] could not read dos header from C:\Windows\SYSTEM32\ntdll.dll
[0730/230145.947:ERROR:process_reader_win.cc(242)] ReadMemory at 0x76b50000 of 64 bytes failed: Only part of a ReadProcessMemory or WriteProcessMemory request was completed. (0x12B)
[0730/230145.947:WARNING:pe_image_reader.cc(302)] could not read dos header from C:\Windows\system32\kernel32.dll
[0730/230145.947:ERROR:process_reader_win.cc(242)] ReadMemory at 0x76b50000 of 64 bytes failed: Only part of a ReadProcessMemory or WriteProcessMemory request was completed. (0x12B)
[0730/230145.947:WARNING:pe_image_reader.cc(302)] could not read dos header from C:\Windows\system32\kernel32.dll
[0730/230145.947:ERROR:process_reader_win.cc(242)] ReadMemory at 0x7fefcd90000 of 64 bytes failed: Only part of a ReadProcessMemory or WriteProcessMemory request was completed. (0x12B)
[0730/230145.947:WARNING:pe_image_reader.cc(302)] could not read dos header from C:\Windows\system32\KERNELBASE.dll
[0730/230145.947:ERROR:process_reader_win.cc(242)] ReadMemory at 0x7fefcd90000 of 64 bytes failed: Only part of a ReadProcessMemory or WriteProcessMemory request was completed. (0x12B)
[0730/230145.947:WARNING:pe_image_reader.cc(302)] could not read dos header from C:\Windows\system32\KERNELBASE.dll
[0730/230145.947:ERROR:process_reader_win.cc(242)] ReadMemory at 0x7fefd860000 of 64 bytes failed: Only part of a ReadProcessMemory or WriteProcessMemory request was completed. (0x12B)
[0730/230145.947:WARNING:pe_image_reader.cc(302)] could not read dos header from C:\Windows\system32\msvcrt.dll
[0730/230145.947:ERROR:process_reader_win.cc(242)] ReadMemory at 0x7fefd860000 of 64 bytes failed: Only part of a ReadProcessMemory or WriteProcessMemory request was completed. (0x12B)
[0730/230145.947:WARNING:pe_image_reader.cc(302)] could not read dos header from C:\Windows\system32\msvcrt.dll
[0730/230145.980:ERROR:process_reader_win.cc(242)] ReadMemory at 0x76d70000 of 64 bytes failed: Only part of a ReadProcessMemory or WriteProcessMemory request was completed. (0x12B)
[0730/230145.980:WARNING:pe_image_reader.cc(302)] could not read dos header from C:\Windows\SYSTEM32\ntdll.dll
[0730/230145.980:ERROR:process_reader_win.cc(242)] ReadMemory at 0x76b50000 of 64 bytes failed: Only part of a ReadProcessMemory or WriteProcessMemory request was completed. (0x12B)
[0730/230145.980:WARNING:pe_image_reader.cc(302)] could not read dos header from C:\Windows\system32\kernel32.dll
[0730/230145.980:ERROR:process_reader_win.cc(242)] ReadMemory at 0x7fefcd90000 of 64 bytes failed: Only part of a ReadProcessMemory or WriteProcessMemory request was completed. (0x12B)
[0730/230145.980:WARNING:pe_image_reader.cc(302)] could not read dos header from C:\Windows\system32\KERNELBASE.dll
[0730/230145.980:ERROR:process_reader_win.cc(242)] ReadMemory at 0x7fefd860000 of 64 bytes failed: Only part of a ReadProcessMemory or WriteProcessMemory request was completed. (0x12B)
[0730/230145.980:WARNING:pe_image_reader.cc(302)] could not read dos header from C:\Windows\system32\msvcrt.dll
[0731/005921.316:ERROR:process_reader_win.cc(242)] ReadMemory at 0x76d70000 of 64 bytes failed: Only part of a ReadProcessMemory or WriteProcessMemory request was completed. (0x12B)
[0731/005921.317:WARNING:pe_image_reader.cc(302)] could not read dos header from C:\Windows\SYSTEM32\ntdll.dll
[0731/005921.317:ERROR:process_reader_win.cc(242)] ReadMemory at 0x76b50000 of 64 bytes failed: Only part of a ReadProcessMemory or WriteProcessMemory request was completed. (0x12B)
[0731/005921.317:WARNING:pe_image_reader.cc(302)] could not read dos header from C:\Windows\system32\kernel32.dll
[0731/005921.317:ERROR:process_reader_win.cc(242)] ReadMemory at 0x7fefcd90000 of 64 bytes failed: Only part of a ReadProcessMemory or WriteProcessMemory request was completed. (0x12B)
[0731/005921.317:WARNING:pe_image_reader.cc(302)] could not read dos header from C:\Windows\system32\KERNELBASE.dll
[0731/005921.317:ERROR:process_reader_win.cc(242)] ReadMemory at 0x7fefd860000 of 64 bytes failed: Only part of a ReadProcessMemory or WriteProcessMemory request was completed. (0x12B)
[0731/005921.317:WARNING:pe_image_reader.cc(302)] could not read dos header from C:\Windows\system32\msvcrt.dll
[0731/005921.318:ERROR:process_reader_win.cc(242)] ReadMemory at 0x76d70000 of 64 bytes failed: Only part of a ReadProcessMemory or WriteProcessMemory request was completed. (0x12B)
[0731/005921.318:WARNING:pe_image_reader.cc(302)] could not read dos header from C:\Windows\SYSTEM32\ntdll.dll
[0731/005921.318:ERROR:process_reader_win.cc(242)] ReadMemory at 0x76b50000 of 64 bytes failed: Only part of a ReadProcessMemory or WriteProcessMemory request was completed. (0x12B)
[0731/005921.318:WARNING:pe_image_reader.cc(302)] could not read dos header from C:\Windows\system32\kernel32.dll
[0731/005921.318:ERROR:process_reader_win.cc(242)] ReadMemory at 0x7fefcd90000 of 64 bytes failed: Only part of a ReadProcessMemory or WriteProcessMemory request was completed. (0x12B)
[0731/005921.318:WARNING:pe_image_reader.cc(302)] could not read dos header from C:\Windows\system32\KERNELBASE.dll
[0731/005921.318:ERROR:process_reader_win.cc(242)] ReadMemory at 0x7fefd860000 of 64 bytes failed: Only part of a ReadProcessMemory or WriteProcessMemory request was completed. (0x12B)
[0731/005921.318:WARNING:pe_image_reader.cc(302)] could not read dos header from C:\Windows\system32\msvcrt.dll
[0731/005921.327:ERROR:process_reader_win.cc(242)] ReadMemory at 0x76d70000 of 64 bytes failed: Only part of a ReadProcessMemory or WriteProcessMemory request was completed. (0x12B)
[0731/005921.327:WARNING:pe_image_reader.cc(302)] could not read dos header from C:\Windows\SYSTEM32\ntdll.dll
[0731/005921.327:ERROR:process_reader_win.cc(242)] ReadMemory at 0x76b50000 of 64 bytes failed: Only part of a ReadProcessMemory or WriteProcessMemory request was completed. (0x12B)
[0731/005921.327:WARNING:pe_image_reader.cc(302)] could not read dos header from C:\Windows\system32\kernel32.dll
[0731/005921.327:ERROR:process_reader_win.cc(242)] ReadMemory at 0x7fefcd90000 of 64 bytes failed: Only part of a ReadProcessMemory or WriteProcessMemory request was completed. (0x12B)
[0731/005921.327:WARNING:pe_image_reader.cc(302)] could not read dos header from C:\Windows\system32\KERNELBASE.dll
[0731/005921.327:ERROR:process_reader_win.cc(242)] ReadMemory at 0x7fefd860000 of 64 bytes failed: Only part of a ReadProcessMemory or WriteProcessMemory request was completed. (0x12B)
[0731/005921.327:WARNING:pe_image_reader.cc(302)] could not read dos header from C:\Windows\system32\msvcrt.dll
[0731/005921.330:ERROR:process_reader_win.cc(242)] ReadMemory at 0x76d70000 of 64 bytes failed: Only part of a ReadProcessMemory or WriteProcessMemory request was completed. (0x12B)
[0731/005921.330:WARNING:pe_image_reader.cc(302)] could not read dos header from C:\Windows\SYSTEM32\ntdll.dll
[0731/005921.331:ERROR:process_reader_win.cc(242)] ReadMemory at 0x76b50000 of 64 bytes failed: Only part of a ReadProcessMemory or WriteProcessMemory request was completed. (0x12B)
[0731/005921.331:WARNING:pe_image_reader.cc(302)] could not read dos header from C:\Windows\system32\kernel32.dll
[0731/005921.331:ERROR:process_reader_win.cc(242)] ReadMemory at 0x7fefcd90000 of 64 bytes failed: Only part of a ReadProcessMemory or WriteProcessMemory request was completed. (0x12B)
[0731/005921.331:WARNING:pe_image_reader.cc(302)] could not read dos header from C:\Windows\system32\KERNELBASE.dll
[0731/005921.331:ERROR:process_reader_win.cc(242)] ReadMemory at 0x7fefd860000 of 64 bytes failed: Only part of a ReadProcessMemory or WriteProcessMemory request was completed. (0x12B)
[0731/005921.331:WARNING:pe_image_reader.cc(302)] could not read dos header from C:\Windows\system32\msvcrt.dll
[0731/005921.332:ERROR:process_reader_win.cc(242)] ReadMemory at 0x76d70000 of 64 bytes failed: Only part of a ReadProcessMemory or WriteProcessMemory request was completed. (0x12B)
[0731/005921.332:WARNING:pe_image_reader.cc(302)] could not read dos header from C:\Windows\SYSTEM32\ntdll.dll
[0731/005921.332:ERROR:process_reader_win.cc(242)] ReadMemory at 0x76d70000 of 64 bytes failed: Only part of a ReadProcessMemory or WriteProcessMemory request was completed. (0x12B)
[0731/005921.332:WARNING:pe_image_reader.cc(302)] could not read dos header from C:\Windows\SYSTEM32\ntdll.dll
[0731/005921.332:ERROR:process_reader_win.cc(242)] ReadMemory at 0x76b50000 of 64 bytes failed: Only part of a ReadProcessMemory or WriteProcessMemory request was completed. (0x12B)
[0731/005921.332:WARNING:pe_image_reader.cc(302)] could not read dos header from C:\Windows\system32\kernel32.dll
[0731/005921.332:ERROR:process_reader_win.cc(242)] ReadMemory at 0x76b50000 of 64 bytes failed: Only part of a ReadProcessMemory or WriteProcessMemory request was completed. (0x12B)
[0731/005921.332:WARNING:pe_image_reader.cc(302)] could not read dos header from C:\Windows\system32\kernel32.dll
[0731/005921.333:ERROR:process_reader_win.cc(242)] ReadMemory at 0x7fefcd90000 of 64 bytes failed: Only part of a ReadProcessMemory or WriteProcessMemory request was completed. (0x12B)
[0731/005921.333:WARNING:pe_image_reader.cc(302)] could not read dos header from C:\Windows\system32\KERNELBASE.dll
[0731/005921.333:ERROR:process_reader_win.cc(242)] ReadMemory at 0x7fefcd90000 of 64 bytes failed: Only part of a ReadProcessMemory or WriteProcessMemory request was completed. (0x12B)
[0731/005921.333:WARNING:pe_image_reader.cc(302)] could not read dos header from C:\Windows\system32\KERNELBASE.dll
[0731/005921.333:ERROR:process_reader_win.cc(242)] ReadMemory at 0x7fefd860000 of 64 bytes failed: Only part of a ReadProcessMemory or WriteProcessMemory request was completed. (0x12B)
[0731/005921.333:WARNING:pe_image_reader.cc(302)] could not read dos header from C:\Windows\system32\msvcrt.dll
[0731/005921.333:ERROR:process_reader_win.cc(242)] ReadMemory at 0x7fefd860000 of 64 bytes failed: Only part of a ReadProcessMemory or WriteProcessMemory request was completed. (0x12B)
[0731/005921.333:WARNING:pe_image_reader.cc(302)] could not read dos header from C:\Windows\system32\msvcrt.dll
[0731/005921.364:ERROR:process_reader_win.cc(242)] ReadMemory at 0x76d70000 of 64 bytes failed: Only part of a ReadProcessMemory or WriteProcessMemory request was completed. (0x12B)
[0731/005921.365:WARNING:pe_image_reader.cc(302)] could not read dos header from C:\Windows\SYSTEM32\ntdll.dll
[0731/005921.365:ERROR:process_reader_win.cc(242)] ReadMemory at 0x76b50000 of 64 bytes failed: Only part of a ReadProcessMemory or WriteProcessMemory request was completed. (0x12B)
[0731/005921.365:WARNING:pe_image_reader.cc(302)] could not read dos header from C:\Windows\system32\kernel32.dll
[0731/005921.365:ERROR:process_reader_win.cc(242)] ReadMemory at 0x7fefcd90000 of 64 bytes failed: Only part of a ReadProcessMemory or WriteProcessMemory request was completed. (0x12B)
[0731/005921.365:WARNING:pe_image_reader.cc(302)] could not read dos header from C:\Windows\system32\KERNELBASE.dll
[0731/005921.365:ERROR:process_reader_win.cc(242)] ReadMemory at 0x7fefd860000 of 64 bytes failed: Only part of a ReadProcessMemory or WriteProcessMemory request was completed. (0x12B)
[0731/005921.365:WARNING:pe_image_reader.cc(302)] could not read dos header from C:\Windows\system32\msvcrt.dll
[0213/143540.511:ERROR:process_reader_win.cc(242)] ReadMemory at 0x77100000 of 64 bytes failed: Only part of a ReadProcessMemory or WriteProcessMemory request was completed. (0x12B)
[0213/143540.535:WARNING:pe_image_reader.cc(302)] could not read dos header from C:\Windows\SYSTEM32\ntdll.dll
[0213/143540.535:ERROR:process_reader_win.cc(242)] ReadMemory at 0x76fe0000 of 64 bytes failed: Only part of a ReadProcessMemory or WriteProcessMemory request was completed. (0x12B)
[0213/143540.536:WARNING:pe_image_reader.cc(302)] could not read dos header from C:\Windows\system32\kernel32.dll
[0213/143540.536:ERROR:process_reader_win.cc(242)] ReadMemory at 0x7fefced0000 of 64 bytes failed: Only part of a ReadProcessMemory or WriteProcessMemory request was completed. (0x12B)
[0213/143540.536:WARNING:pe_image_reader.cc(302)] could not read dos header from C:\Windows\system32\KERNELBASE.dll
[0213/143540.536:ERROR:process_reader_win.cc(242)] ReadMemory at 0x7fefd2d0000 of 64 bytes failed: Only part of a ReadProcessMemory or WriteProcessMemory request was completed. (0x12B)
[0213/143540.536:WARNING:pe_image_reader.cc(302)] could not read dos header from C:\Windows\system32\msvcrt.dll
[0213/143540.537:ERROR:process_reader_win.cc(242)] ReadMemory at 0x77100000 of 64 bytes failed: Only part of a ReadProcessMemory or WriteProcessMemory request was completed. (0x12B)
[0213/143540.537:WARNING:pe_image_reader.cc(302)] could not read dos header from C:\Windows\SYSTEM32\ntdll.dll
[0213/143540.537:ERROR:process_reader_win.cc(242)] ReadMemory at 0x76fe0000 of 64 bytes failed: Only part of a ReadProcessMemory or WriteProcessMemory request was completed. (0x12B)
[0213/143540.538:WARNING:pe_image_reader.cc(302)] could not read dos header from C:\Windows\system32\kernel32.dll
[0213/143540.538:ERROR:process_reader_win.cc(242)] ReadMemory at 0x7fefced0000 of 64 bytes failed: Only part of a ReadProcessMemory or WriteProcessMemory request was completed. (0x12B)
[0213/143540.538:WARNING:pe_image_reader.cc(302)] could not read dos header from C:\Windows\system32\KERNELBASE.dll
[0213/143540.538:ERROR:process_reader_win.cc(242)] ReadMemory at 0x7fefd2d0000 of 64 bytes failed: Only part of a ReadProcessMemory or WriteProcessMemory request was completed. (0x12B)
[0213/143540.538:WARNING:pe_image_reader.cc(302)] could not read dos header from C:\Windows\system32\msvcrt.dll
[0213/143540.543:ERROR:process_reader_win.cc(242)] ReadMemory at 0x77100000 of 64 bytes failed: Only part of a ReadProcessMemory or WriteProcessMemory request was completed. (0x12B)
[0213/143540.543:WARNING:pe_image_reader.cc(302)] could not read dos header from C:\Windows\SYSTEM32\ntdll.dll
[0213/143540.543:ERROR:process_reader_win.cc(242)] ReadMemory at 0x76fe0000 of 64 bytes failed: Only part of a ReadProcessMemory or WriteProcessMemory request was completed. (0x12B)
[0213/143540.543:WARNING:pe_image_reader.cc(302)] could not read dos header from C:\Windows\system32\kernel32.dll
[0213/143540.543:ERROR:process_reader_win.cc(242)] ReadMemory at 0x7fefced0000 of 64 bytes failed: Only part of a ReadProcessMemory or WriteProcessMemory request was completed. (0x12B)
[0213/143540.543:WARNING:pe_image_reader.cc(302)] could not read dos header from C:\Windows\system32\KERNELBASE.dll
[0213/143540.543:ERROR:process_reader_win.cc(242)] ReadMemory at 0x7fefd2d0000 of 64 bytes failed: Only part of a ReadProcessMemory or WriteProcessMemory request was completed. (0x12B)
[0213/143540.544:WARNING:pe_image_reader.cc(302)] could not read dos header from C:\Windows\system32\msvcrt.dll
[0213/143540.631:ERROR:process_reader_win.cc(242)] ReadMemory at 0x77100000 of 64 bytes failed: Only part of a ReadProcessMemory or WriteProcessMemory request was completed. (0x12B)
[0213/143540.631:WARNING:pe_image_reader.cc(302)] could not read dos header from C:\Windows\SYSTEM32\ntdll.dll
[0213/143540.632:ERROR:process_reader_win.cc(242)] ReadMemory at 0x76fe0000 of 64 bytes failed: Only part of a ReadProcessMemory or WriteProcessMemory request was completed. (0x12B)
[0213/143540.632:WARNING:pe_image_reader.cc(302)] could not read dos header from C:\Windows\system32\kernel32.dll
[0213/143540.632:ERROR:process_reader_win.cc(242)] ReadMemory at 0x7fefced0000 of 64 bytes failed: Only part of a ReadProcessMemory or WriteProcessMemory request was completed. (0x12B)
[0213/143540.632:WARNING:pe_image_reader.cc(302)] could not read dos header from C:\Windows\system32\KERNELBASE.dll
[0213/143540.632:ERROR:process_reader_win.cc(242)] ReadMemory at 0x7fefd2d0000 of 64 bytes failed: Only part of a ReadProcessMemory or WriteProcessMemory request was completed. (0x12B)
[0213/143540.632:WARNING:pe_image_reader.cc(302)] could not read dos header from C:\Windows\system32\msvcrt.dll
[0213/143540.634:ERROR:process_reader_win.cc(242)] ReadMemory at 0x77100000 of 64 bytes failed: Only part of a ReadProcessMemory or WriteProcessMemory request was completed. (0x12B)
[0213/143540.634:WARNING:pe_image_reader.cc(302)] could not read dos header from C:\Windows\SYSTEM32\ntdll.dll
[0213/143540.634:ERROR:process_reader_win.cc(242)] ReadMemory at 0x77100000 of 64 bytes failed: Only part of a ReadProcessMemory or WriteProcessMemory request was completed. (0x12B)
[0213/143540.635:WARNING:pe_image_reader.cc(302)] could not read dos header from C:\Windows\SYSTEM32\ntdll.dll
[0213/143540.635:ERROR:process_reader_win.cc(242)] ReadMemory at 0x76fe0000 of 64 bytes failed: Only part of a ReadProcessMemory or WriteProcessMemory request was completed. (0x12B)
[0213/143540.635:WARNING:pe_image_reader.cc(302)] could not read dos header from C:\Windows\system32\kernel32.dll
[0213/143540.635:ERROR:process_reader_win.cc(242)] ReadMemory at 0x76fe0000 of 64 bytes failed: Only part of a ReadProcessMemory or WriteProcessMemory request was completed. (0x12B)
[0213/143540.635:WARNING:pe_image_reader.cc(302)] could not read dos header from C:\Windows\system32\kernel32.dll
[0213/143540.635:ERROR:process_reader_win.cc(242)] ReadMemory at 0x7fefced0000 of 64 bytes failed: Only part of a ReadProcessMemory or WriteProcessMemory request was completed. (0x12B)
[0213/143540.635:WARNING:pe_image_reader.cc(302)] could not read dos header from C:\Windows\system32\KERNELBASE.dll
[0213/143540.635:ERROR:process_reader_win.cc(242)] ReadMemory at 0x7fefced0000 of 64 bytes failed: Only part of a ReadProcessMemory or WriteProcessMemory request was completed. (0x12B)
[0213/143540.636:WARNING:pe_image_reader.cc(302)] could not read dos header from C:\Windows\system32\KERNELBASE.dll
[0213/143540.636:ERROR:process_reader_win.cc(242)] ReadMemory at 0x7fefd2d0000 of 64 bytes failed: Only part of a ReadProcessMemory or WriteProcessMemory request was completed. (0x12B)
[0213/143540.636:WARNING:pe_image_reader.cc(302)] could not read dos header from C:\Windows\system32\msvcrt.dll
[0213/143540.636:ERROR:process_reader_win.cc(242)] ReadMemory at 0x7fefd2d0000 of 64 bytes failed: Only part of a ReadProcessMemory or WriteProcessMemory request was completed. (0x12B)
[0213/143540.636:WARNING:pe_image_reader.cc(302)] could not read dos header from C:\Windows\system32\msvcrt.dll
[0213/143540.676:ERROR:process_reader_win.cc(242)] ReadMemory at 0x77100000 of 64 bytes failed: Only part of a ReadProcessMemory or WriteProcessMemory request was completed. (0x12B)
[0213/143540.676:WARNING:pe_image_reader.cc(302)] could not read dos header from C:\Windows\SYSTEM32\ntdll.dll
[0213/143540.676:ERROR:process_reader_win.cc(242)] ReadMemory at 0x76fe0000 of 64 bytes failed: Only part of a ReadProcessMemory or WriteProcessMemory request was completed. (0x12B)
[0213/143540.676:WARNING:pe_image_reader.cc(302)] could not read dos header from C:\Windows\system32\kernel32.dll
[0213/143540.676:ERROR:process_reader_win.cc(242)] ReadMemory at 0x7fefced0000 of 64 bytes failed: Only part of a ReadProcessMemory or WriteProcessMemory request was completed. (0x12B)
[0213/143540.677:WARNING:pe_image_reader.cc(302)] could not read dos header from C:\Windows\system32\KERNELBASE.dll
[0213/143540.677:ERROR:process_reader_win.cc(242)] ReadMemory at 0x7fefd2d0000 of 64 bytes failed: Only part of a ReadProcessMemory or WriteProcessMemory request was completed. (0x12B)
[0213/143540.677:WARNING:pe_image_reader.cc(302)] could not read dos header from C:\Windows\system32\msvcrt.dll
